//////////////////////////////////////////////////////////////////////////////////////////////////////////////////////////////////
:: Log File for DatabaseManagementConsole
:: Date Creation: Friday, October 3, 2014
:: Powershell Version: 4.0
:: Executed by: JSAMUEL12-ASUS\Justin
:: Executed Machine: JSAMUEL12-ASUS
//////////////////////////////////////////////////////////////////////////////////////////////////////////////////////////////////

Level			Date			Event
-------------------	-------------------	---------------------------------------------------------------------------------------------------------
Info :			2014-10-03T13:42:24	Scripts directory location: C:\Users\Justin\Desktop\DatabaseManagementConsole\Scripts
Info :			2014-10-03T13:42:24	User selection: Create
Info :			2014-10-03T13:42:24	Create on Instance: JSAMUEL12-ASUS\LAB
Info :			2014-10-03T13:42:24	Create for Database: DatabaseManagementConsole
Info :			2014-10-03T13:42:24	--- Folder Information ----
							1) Primary_Data = F:\SQLServer\LAB\Data
							2) Secondary_Configuration_Data = F:\SQLServer\LAB\Data
							3) Primary_Log = F:\SQLServer\LAB\Tlog
							4) TempDB_Data = F:\SQLServer\LAB\Temp
							5) TempDB_Log = F:\SQLServer\LAB\Temp
Info :			2014-10-03T13:42:24	--- Database Configuration ----
							1) LogFileGrowthMB = 5
							2) LogSizeMB = 80
							3) LogTotalLogSizeMB = 320
							4) LogLogMaxFileSizeMB = 1024
							5) RecoveryModel = Full
Info :			2014-10-03T13:42:24	---- Server Configuration ----
							Will be executing all the contents in the Server Configuration node
Info :			2014-10-03T13:42:24	01. Server_Configuration.sql -- starting!
Info :			2014-10-03T13:42:24	01. Server_Configuration.sql -- completed successful!
Info :			2014-10-03T13:42:24	02. Create_SQL_profile_mail.sql -- starting!
Info :			2014-10-03T13:42:25	02. Create_SQL_profile_mail.sql -- completed successful!
Info :			2014-10-03T13:42:25	03. Create_Database.sql -- starting!
Info :			2014-10-03T13:42:31	03. Create_Database.sql -- completed successful!
Info :			2014-10-03T13:42:31	04. Create_Database_Objects.sql -- starting!
Info :			2014-10-03T13:42:32	04. Create_Database_Objects.sql -- completed successful!
Info :			2014-10-03T13:42:32	05. Create_Configuration.svfn_DefaultFolderLocation_Get.sql -- starting!
Info :			2014-10-03T13:42:32	05. Create_Configuration.svfn_DefaultFolderLocation_Get.sql -- completed successful!
Info :			2014-10-03T13:42:32	06. Create_Configuration.usp_DefaultFolderLocation_Reconfigure.sql -- starting!
Info :			2014-10-03T13:42:32	06. Create_Configuration.usp_DefaultFolderLocation_Reconfigure.sql -- completed successful!
Info :			2014-10-03T13:42:32	07. Create_Collector.usp_Backupset_Insert.sql -- starting!
Info :			2014-10-03T13:42:32	07. Create_Collector.usp_Backupset_Insert.sql -- completed successful!
Info :			2014-10-03T13:42:32	08. Create_Collector.usp_BackupsetOperation_Insert.sql -- starting!
Info :			2014-10-03T13:42:32	08. Create_Collector.usp_BackupsetOperation_Insert.sql -- completed successful!
Info :			2014-10-03T13:42:32	09. Create_Collector.usp_Maintenance_Backups_Full.sql -- starting!
Info :			2014-10-03T13:42:32	09. Create_Collector.usp_Maintenance_Backups_Full.sql -- completed successful!
Info :			2014-10-03T13:42:32	10. Create_Collector.usp_Maintenance_Backups_Differential.sql -- starting!
Info :			2014-10-03T13:42:32	10. Create_Collector.usp_Maintenance_Backups_Differential.sql -- completed successful!
Info :			2014-10-03T13:42:32	11. Create_Collector.usp_Maintenance_Backups_TransactionLogs.sql -- starting!
Info :			2014-10-03T13:42:32	11. Create_Collector.usp_Maintenance_Backups_TransactionLogs.sql -- completed successful!
Info :			2014-10-03T13:42:32	12. Create_Collector.usp_Maintenance_Backups_CreateRestoreScripts.sql -- starting!
Info :			2014-10-03T13:42:32	12. Create_Collector.usp_Maintenance_Backups_CreateRestoreScripts.sql -- completed successful!
Info :			2014-10-03T13:42:32	13. Create_Collector.usp_Maintenance_Backups_DeleteFolderContents.sql -- starting!
Info :			2014-10-03T13:42:32	13. Create_Collector.usp_Maintenance_Backups_DeleteFolderContents.sql -- completed successful!
Info :			2014-10-03T13:42:32	14. Create_Collector.Maintenance_Backups_Full_job.sql -- starting!
Info :			2014-10-03T13:42:32	14. Create_Collector.Maintenance_Backups_Full_job.sql -- completed successful!
Info :			2014-10-03T13:42:32	15. Create_Collector.Maintenance_Backups_Differential_job.sql -- starting!
Info :			2014-10-03T13:42:32	15. Create_Collector.Maintenance_Backups_Differential_job.sql -- completed successful!
Info :			2014-10-03T13:42:32	16. Create_Collector.Maintenance_Backups_TransactionLogs_job.sql -- starting!
Info :			2014-10-03T13:42:32	16. Create_Collector.Maintenance_Backups_TransactionLogs_job.sql -- completed successful!
Info :			2014-10-03T13:42:32	17. Create_Collector.Maintenance_Backups_DeleteFolderContents_job.sql -- starting!
Info :			2014-10-03T13:42:32	17. Create_Collector.Maintenance_Backups_DeleteFolderContents_job.sql -- completed successful!
Info :			2014-10-03T13:42:32	18. Create_Collector.v_FailedSQLJobs.sql -- starting!
Info :			2014-10-03T13:42:32	18. Create_Collector.v_FailedSQLJobs.sql -- completed successful!
Info :			2014-10-03T13:42:32	19. Create_Configuration.usp_AlertEmail_Get.sql -- starting!
Info :			2014-10-03T13:42:32	19. Create_Configuration.usp_AlertEmail_Get.sql -- completed successful!
Info :			2014-10-03T13:42:32	20. Create_Reporting.usp_FailedSQLJobsHistory_Insert.sql -- starting!
Info :			2014-10-03T13:42:32	20. Create_Reporting.usp_FailedSQLJobsHistory_Insert.sql -- completed successful!
Info :			2014-10-03T13:42:32	21. Create_Reporting.FailedSQLJobs_job.sql -- starting!
Info :			2014-10-03T13:42:32	21. Create_Reporting.FailedSQLJobs_job.sql -- completed successful!
Info :			2014-10-03T13:42:32	22. Create_Reporting.usp_SQLServiceStoppedStatus_Get.sql -- starting!
Info :			2014-10-03T13:42:32	22. Create_Reporting.usp_SQLServiceStoppedStatus_Get.sql -- completed successful!
Info :			2014-10-03T13:42:32	23. Create_Reporting.SQLServiceStoppedStatus_job.sql -- starting!
Info :			2014-10-03T13:42:32	23. Create_Reporting.SQLServiceStoppedStatus_job.sql -- completed successful!
Info :			2014-10-03T13:42:32	24. Create_Collector_BlockedEvents.sql -- starting!
Info :			2014-10-03T13:42:33	24. Create_Collector_BlockedEvents.sql -- completed successful!
Info :			2014-10-03T13:42:33	25. Create_Collector.usp_BlockedEvents_Insert.sql -- starting!
Warn :			2014-10-03T13:42:33	System.Exception: There was an error when executing the step: 25. Create_Collector.usp_BlockedEvents_Insert.sql
						Error Message: Must declare the scalar variable "@receipants".
						Error Severity: 15
						Error State: 2
						Error Number: 137

**********************************************************************************************************************************
Info :			2014-10-03T13:44:41	Scripts directory location: C:\Users\Justin\Desktop\DatabaseManagementConsole\Scripts
Info :			2014-10-03T13:44:41	User selection: Update
Info :			2014-10-03T13:44:41	Update on Instance: JSAMUEL12-ASUS\LAB
Info :			2014-10-03T13:44:41	Update for Database: DatabaseManagementConsole
Info :			2014-10-03T13:44:42	25. Create_Collector.usp_BlockedEvents_Insert.sql -- starting!
Warn :			2014-10-03T13:44:43	System.Exception: There was an error when executing the step: 25. Create_Collector.usp_BlockedEvents_Insert.sql
						Error Message: Must declare the scalar variable "@recipients".
						Error Severity: 15
						Error State: 2
						Error Number: 137

**********************************************************************************************************************************
Info :			2014-10-03T17:29:26	Scripts directory location: C:\Users\Justin\Desktop\DatabaseManagementConsole\Scripts
Info :			2014-10-03T17:29:26	User selection: Update
Info :			2014-10-03T17:29:26	Update on Instance: JSAMUEL12-ASUS\LAB
Info :			2014-10-03T17:29:26	Update for Database: DatabaseManagementConsole
Info :			2014-10-03T17:29:27	25. Create_Collector.usp_BlockedEvents_Insert.sql -- starting!
Warn :			2014-10-03T17:29:27	System.Exception: There was an error when executing the step: 25. Create_Collector.usp_BlockedEvents_Insert.sql
						Error Message: Must declare the scalar variable "@recipients".
						Error Severity: 15
						Error State: 2
						Error Number: 137

**********************************************************************************************************************************
Info :			2014-10-03T17:40:30	Scripts directory location: C:\Users\Justin\Desktop\DatabaseManagementConsole\Scripts
Info :			2014-10-03T17:40:30	User selection: Update
Info :			2014-10-03T17:40:30	Update on Instance: JSAMUEL12-ASUS\LAB
Info :			2014-10-03T17:40:30	Update for Database: DatabaseManagementConsole
Info :			2014-10-03T17:40:31	25. Create_Collector.usp_BlockedEvents_Insert.sql -- starting!
Info :			2014-10-03T17:40:31	25. Create_Collector.usp_BlockedEvents_Insert.sql -- completed successful!

**********************************************************************************************************************************
Info :			2014-10-03T17:53:20	Scripts directory location: C:\Users\Justin\Desktop\DatabaseManagementConsole\Scripts
Info :			2014-10-03T17:53:20	User selection: Update
Info :			2014-10-03T17:53:20	Update on Instance: JSAMUEL12-ASUS\LAB
Info :			2014-10-03T17:53:20	Update for Database: DatabaseManagementConsole
Info :			2014-10-03T17:53:21	26. Create_Collector.t_DeadlockEvents.sql -- starting!
Info :			2014-10-03T17:53:21	26. Create_Collector.t_DeadlockEvents.sql -- completed successful!
Info :			2014-10-03T17:53:21	27. Create_Collector.usp_DeadlockEvents_Insert.sql -- starting!
Info :			2014-10-03T17:53:21	27. Create_Collector.usp_DeadlockEvents_Insert.sql -- completed successful!

**********************************************************************************************************************************
